<?xml version="1.0" encoding="UTF-8"?>
<!-- Generated by org.testng.reporters.JUnitXMLReporter -->
<testsuite ignored="0" hostname="QT-INBG-LT0476" failures="0" tests="9" name="Default test" time="107.702" errors="0" timestamp="2022-07-26T21:07:20 IST">
  <testcase classname="Pom.Mainclss" name="contact_us" time="24.336"/>
  <testcase classname="Pom.Mainclss" name="contact_us" time="23.036"/>
  <testcase classname="Pom.Mainclss" name="mb" time="10.937"/>
  <testcase classname="Pom.Mainclss" name="mb" time="7.126"/>
  <testcase classname="Pom.Mainclss" name="support" time="10.721"/>
  <testcase classname="Pom.Mainclss" name="support" time="12.425"/>
  <testcase classname="Pom.Mainclss" name="mb" time="6.275"/>
  <testcase classname="Pom.Mainclss" name="mb" time="6.48"/>
  <testcase classname="Pom.Mainclss" name="allmobiles" time="6.224"/>
</testsuite> <!-- Default test -->
